Arguments: 
  C:\Program Files\nodejs\node.exe C:\Users\harias\AppData\Roaming\npm\node_modules\yarn\bin\yarn.js add express nulter mongoose body-parser @google-clous/storage

PATH: 
  C:\Program Files (x86)\Common Files\Oracle\Java\javapath;C:\Windows\system32;C:\Windows;C:\Windows\System32\Wbem;C:\Windows\System32\WindowsPowerShell\v1.0\;C:\Windows\System32\OpenSSH\;C:\Program Files (x86)\NVIDIA Corporation\PhysX\Common;C:\Program Files\NVIDIA Corporation\NVIDIA NvDLISR;C:\Program Files\Git\cmd;C:\Program Files\nodejs\;C:\Users\harias\AppData\Local\Programs\Python\Python39\Scripts\;C:\Users\harias\AppData\Local\Programs\Python\Python39\;C:\Users\harias\AppData\Local\Microsoft\WindowsApps;C:\Users\harias\AppData\Local\GitHubDesktop\bin;C:\Users\harias\AppData\Roaming\npm;C:\Users\harias\AppData\Local\Programs\Microsoft VS Code\bin;C:\Program Files\heroku\bin

Yarn version: 
  1.22.10

Node version: 
  14.16.1

Platform: 
  win32 x64

Trace: 
  Error: https://registry.yarnpkg.com/nulter: Not found
      at Request.params.callback [as _callback] (C:\Users\harias\AppData\Roaming\npm\node_modules\yarn\lib\cli.js:66988:18)
      at Request.self.callback (C:\Users\harias\AppData\Roaming\npm\node_modules\yarn\lib\cli.js:140662:22)
      at Request.emit (events.js:315:20)
      at Request.<anonymous> (C:\Users\harias\AppData\Roaming\npm\node_modules\yarn\lib\cli.js:141634:10)
      at Request.emit (events.js:315:20)
      at IncomingMessage.<anonymous> (C:\Users\harias\AppData\Roaming\npm\node_modules\yarn\lib\cli.js:141556:12)
      at Object.onceWrapper (events.js:421:28)
      at IncomingMessage.emit (events.js:327:22)
      at endReadableNT (internal/streams/readable.js:1327:12)
      at processTicksAndRejections (internal/process/task_queues.js:80:21)

npm manifest: 
  {
    "name": "Backend-Virtual-Tecsup",
    "version": "1.0.0",
    "main": "index.js",
    "repository": "https://github.com/hariasfrancia/Backend-Clase-Tecsup.git",
    "author": "Héctor Arias Francia <hariasfrancia@gmail.com>",
    "license": "MIT"
  }

yarn manifest: 
  No manifest

Lockfile: 
  No lockfile
